#
# A fatal error has been detected by the Java Runtime Environment:
#
#  EXCEPTION_ACCESS_VIOLATION (0xc0000005) at pc=0x00007fffbe0d1c11, pid=19112, tid=18868
#
# JRE version:  (11.0.10+9) (build )
# Java VM: OpenJDK 64-Bit Server VM (11.0.10+9-LTS, mixed mode, sharing, tiered, unknown gc, windows-amd64)
# Problematic frame:
# C  [jimage.dll+0x1c11]
#
# No core dump will be written. Minidumps are not enabled by default on client versions of Windows
#
#

---------------  S U M M A R Y ------------

Command Line: 

Host: Intel(R) Core(TM) i5-3230M CPU @ 2.60GHz, 4 cores, 3G,  Windows 10 , 64 bit Build 19041 (10.0.19041.1023)
Time: Fri Jul 30 17:10:18 2021 India Standard Time elapsed time: 0.155384 seconds (0d 0h 0m 0s)

---------------  T H R E A D  ---------------

Current thread is native thread

Stack: [0x0000001f61100000,0x0000001f61200000],  sp=0x0000001f611fcf20,  free space=1011k
Native frames: (J=compiled Java code, j=interpreted, Vv=VM code, C=native code)
C  [jimage.dll+0x1c11]


siginfo: EXCEPTION_ACCESS_VIOLATION (0xc0000005), reading address 0x0000000000004a24


Registers:
RAX=0x0000000000001282, RBX=0x0000001f611fd011, RCX=0x00007fffbe0d6000, RDX=0x0000000000001282
RSP=0x0000001f611fcf20, RBP=0x0000001f611fd010, RSI=0x0000000000008493, RDI=0x0000001f611fd010
R8 =0x00007fffbe0d4278, R9 =0x000000000000001c, R10=0x00007fff904e4e00, R11=0x00007fffbe0d6000
R12=0x0000001f611ff6b0, R13=0x0000017cbb3673f0, R14=0x0000001f611fe080, R15=0x00007fff904e4e48
RIP=0x00007fffbe0d1c11, EFLAGS=0x0000000000010246

Top of Stack: (sp=0x0000001f611fcf20)
0x0000001f611fcf20:   00007fffbe0d8000 0000000000000000
0x0000001f611fcf30:   00007fff01000020 0000001f611fd6e0
0x0000001f611fcf40:   0000017cbb386940 00007fffbe0d1d9f
0x0000001f611fcf50:   000000000000000b 0000017cbb386940
0x0000001f611fcf60:   0000000000000070 0000000000000000
0x0000001f611fcf70:   0000000000000000 0000000000000000
0x0000001f611fcf80:   0000000000000000 0000000000000000
0x0000001f611fcf90:   0000000000000000 0000000000000000
0x0000001f611fcfa0:   0000000000000000 0000000000000000
0x0000001f611fcfb0:   0000f78513f901d3 0000000000000000
0x0000001f611fcfc0:   00007fff904c1d28 0000000000000017
0x0000001f611fcfd0:   0000017cbb386940 0000001f611fe080
0x0000001f611fcfe0:   000000000000000b 00007fffbe0d267d
0x0000001f611fcff0:   0000000000000002 0000000000000002
0x0000001f611fd000:   00009e1520410000 00009e1520410e0d
0x0000001f611fd010:   61622e6176616a2f 692f6b646a2f6573 

Instructions: (pc=0x00007fffbe0d1c11)
0x00007fffbe0d1b11:   d2 44 8d 42 40 e9 91 20 00 00 cc 40 53 48 83 ec
0x00007fffbe0d1b21:   20 48 8b d9 48 8b 49 48 48 85 c9 74 1d 80 3d db
0x00007fffbe0d1b31:   44 00 00 00 74 06 48 8b 53 18 eb 04 48 8b 53 40
0x00007fffbe0d1b41:   e8 96 0e 00 00 48 83 63 48 00 8b 4b 0c 83 f9 ff
0x00007fffbe0d1b51:   74 09 e8 cc 0c 00 00 83 4b 0c ff 48 83 c4 20 5b
0x00007fffbe0d1b61:   c3 cc cc 40 53 48 83 ec 20 48 8b d9 48 8d 0d ac
0x00007fffbe0d1b71:   46 00 00 e8 b3 0c 00 00 83 6b 08 01 75 24 48 8b
0x00007fffbe0d1b81:   d3 48 8d 0d 8f 44 00 00 e8 22 08 00 00 48 8b cb
0x00007fffbe0d1b91:   e8 aa fe ff ff ba 78 00 00 00 48 8b cb e8 b1 0e
0x00007fffbe0d1ba1:   00 00 48 8d 0d 76 46 00 00 48 83 c4 20 5b e9 80
0x00007fffbe0d1bb1:   0c 00 00 48 89 5c 24 08 48 89 74 24 10 57 48 83
0x00007fffbe0d1bc1:   ec 20 41 8b f1 4d 8b c8 48 8b fa 4c 8b d9 4d 85
0x00007fffbe0d1bd1:   c0 74 78 85 f6 74 74 44 8a 12 48 8d 5a 01 48 8b
0x00007fffbe0d1be1:   d3 b8 93 01 00 01 eb 12 69 c0 93 01 00 01 41 0f
0x00007fffbe0d1bf1:   b6 ca 44 8a 12 33 c1 48 ff c2 45 84 d2 75 e9 4d
0x00007fffbe0d1c01:   8b 03 0f ba f0 1f 33 d2 49 8b cb f7 f6 48 63 c2
0x00007fffbe0d1c11:   41 8b 14 81 41 ff 50 08 85 c0 7e 24 8a 0f eb 10
0x00007fffbe0d1c21:   69 c0 93 01 00 01 0f b6 c9 33 c1 8a 0b 48 ff c3
0x00007fffbe0d1c31:   84 c9 75 ec 0f ba f0 1f 33 d2 f7 f6 8b c2 eb 0e
0x00007fffbe0d1c41:   79 09 83 c9 ff 2b c8 8b c1 eb 03 83 c8 ff 48 8b
0x00007fffbe0d1c51:   5c 24 30 48 8b 74 24 38 48 83 c4 20 5f c3 cc 48
0x00007fffbe0d1c61:   89 5c 24 08 48 89 74 24 10 57 48 83 ec 20 48 8b
0x00007fffbe0d1c71:   f1 48 8d 0d a7 45 00 00 e8 ae 0b 00 00 33 ff 39
0x00007fffbe0d1c81:   3d 92 43 00 00 76 24 48 8b 05 91 43 00 00 48 8b
0x00007fffbe0d1c91:   d6 48 8b 1c f8 48 8b 0b e8 32 1f 00 00 85 c0 74
0x00007fffbe0d1ca1:   2b ff c7 3b 3d 6e 43 00 00 72 dc 33 db 48 8d 0d
0x00007fffbe0d1cb1:   6b 45 00 00 e8 7a 0b 00 00 48 8b 74 24 38 48 8b
0x00007fffbe0d1cc1:   c3 48 8b 5c 24 30 48 83 c4 20 5f c3 ff 43 08 eb
0x00007fffbe0d1cd1:   dc cc cc 48 89 5c 24 08 48 89 74 24 10 57 48 83
0x00007fffbe0d1ce1:   ec 20 48 8b d9 48 8b f2 48 8b 49 10 49 8b f8 8b
0x00007fffbe0d1cf1:   53 30 48 8b 01 ff 50 20 4c 8b 43 50 48 8b d6 48
0x00007fffbe0d1d01:   8b 4b 10 44 8b c8 e8 a8 fe ff ff 83 f8 ff 74 38 



---------------  P R O C E S S  ---------------

VM state:not at safepoint (not fully initialized)

VM Mutex/Monitor currently owned by a thread: None


Dynamic libraries:
0x00007ff64d2d0000 - 0x00007ff64d2dd000 	C:\Program Files\Amazon Corretto\jdk11.0.10_9\bin\java.exe
0x00007fffd5610000 - 0x00007fffd5805000 	C:\Windows\SYSTEM32\ntdll.dll
0x00007fffd44d0000 - 0x00007fffd458d000 	C:\Windows\System32\KERNEL32.DLL
0x00007fffd30c0000 - 0x00007fffd3389000 	C:\Windows\System32\KERNELBASE.dll
0x00007fffd3490000 - 0x00007fffd3590000 	C:\Windows\System32\ucrtbase.dll
0x00007fffb7890000 - 0x00007fffb78a7000 	C:\Program Files\Amazon Corretto\jdk11.0.10_9\bin\jli.dll
0x00007fffd4990000 - 0x00007fffd4b30000 	C:\Windows\System32\USER32.dll
0x00007fffd3620000 - 0x00007fffd3642000 	C:\Windows\System32\win32u.dll
0x00007fffd3cf0000 - 0x00007fffd3d1a000 	C:\Windows\System32\GDI32.dll
0x00007fffd2fb0000 - 0x00007fffd30bb000 	C:\Windows\System32\gdi32full.dll
0x00007fffd2f10000 - 0x00007fffd2fad000 	C:\Windows\System32\msvcp_win.dll
0x00007fffb2f60000 - 0x00007fffb2f75000 	C:\Program Files\Amazon Corretto\jdk11.0.10_9\bin\VCRUNTIME140.dll
0x00007fffc43a0000 - 0x00007fffc463a000 	C:\Windows\WinSxS\amd64_microsoft.windows.common-controls_6595b64144ccf1df_6.0.19041.1110_none_60b5254171f9507e\COMCTL32.dll
0x00007fffd47d0000 - 0x00007fffd486e000 	C:\Windows\System32\msvcrt.dll
0x00007fffd5020000 - 0x00007fffd5050000 	C:\Windows\System32\IMM32.DLL
0x00007fff958c0000 - 0x00007fff9595b000 	C:\Program Files\Amazon Corretto\jdk11.0.10_9\bin\msvcp140.dll
0x00007fff8fc80000 - 0x00007fff907c7000 	C:\Program Files\Amazon Corretto\jdk11.0.10_9\bin\server\jvm.dll
0x00007fffd5050000 - 0x00007fffd50fc000 	C:\Windows\System32\ADVAPI32.dll
0x00007fffd3c50000 - 0x00007fffd3ceb000 	C:\Windows\System32\sechost.dll
0x00007fffd3780000 - 0x00007fffd38aa000 	C:\Windows\System32\RPCRT4.dll
0x00007fffd4680000 - 0x00007fffd4688000 	C:\Windows\System32\PSAPI.DLL
0x00007fffc2a10000 - 0x00007fffc2a19000 	C:\Windows\SYSTEM32\WSOCK32.dll
0x00007fffd3d20000 - 0x00007fffd3d8b000 	C:\Windows\System32\WS2_32.dll
0x00007fffc2af0000 - 0x00007fffc2b17000 	C:\Windows\SYSTEM32\WINMM.dll
0x00007fffc5360000 - 0x00007fffc536a000 	C:\Windows\SYSTEM32\VERSION.dll
0x00007fffd0c80000 - 0x00007fffd0c92000 	C:\Windows\SYSTEM32\kernel.appcore.dll
0x00007fffbead0000 - 0x00007fffbeae0000 	C:\Program Files\Amazon Corretto\jdk11.0.10_9\bin\verify.dll
0x00007fffc2ef0000 - 0x00007fffc30d4000 	C:\Windows\SYSTEM32\DBGHELP.DLL
0x00007fffc2710000 - 0x00007fffc273c000 	C:\Windows\SYSTEM32\dbgcore.DLL
0x00007fffd3590000 - 0x00007fffd3613000 	C:\Windows\System32\bcryptPrimitives.dll
0x00007fffab660000 - 0x00007fffab688000 	C:\Program Files\Amazon Corretto\jdk11.0.10_9\bin\java.dll
0x00007fffbe0d0000 - 0x00007fffbe0da000 	C:\Program Files\Amazon Corretto\jdk11.0.10_9\bin\jimage.dll

dbghelp: loaded successfully - version: 4.0.5 - missing functions: none
symbol engine: initialized successfully - sym options: 0x614 - pdb path: .;C:\Program Files\Amazon Corretto\jdk11.0.10_9\bin;C:\Windows\SYSTEM32;C:\Windows\WinSxS\amd64_microsoft.windows.common-controls_6595b64144ccf1df_6.0.19041.1110_none_60b5254171f9507e;C:\Program Files\Amazon Corretto\jdk11.0.10_9\bin\server

VM Arguments:
java_command: <unknown>
java_class_path (initial): <not set>
Launcher Type: SUN_STANDARD

[Global flags]
     bool UseLargePagesIndividualAllocation        = false                                  {pd product} {ergonomic}

Logging:
Log output configuration:
 #0: stdout all=warning uptime,level,tags
 #1: stderr all=off uptime,level,tags

Environment Variables:
JAVA_HOME=C:\Program Files\Amazon Corretto\jdk11.0.10_9
PATH=C:\Program Files\Amazon Corretto\jdk11.0.10_9\bin;C:\Windows\system32;C:\Windows;C:\Windows\System32\Wbem;C:\Windows\System32\WindowsPowerShell\v1.0\;C:\Windows\System32\OpenSSH\;C:\Program Files\nodejs\;C:\Program Files\Git\cmd;C:\Program Files\MySQL\MySQL Shell 8.0\bin\;C:\Users\Admin\AppData\Local\Microsoft\WindowsApps;C:\Users\Admin\AppData\Local\Programs\Microsoft VS Code\bin;C:\Users\Admin\AppData\Roaming\npm;C:\Users\Admin\AppData\Local\GitHubDesktop\bin;apache-maven-3.8.1-bin;
USERNAME=Admin
OS=Windows_NT
PROCESSOR_IDENTIFIER=Intel64 Family 6 Model 58 Stepping 9, GenuineIntel



---------------  S Y S T E M  ---------------

OS: Windows 10 , 64 bit Build 19041 (10.0.19041.1023)
OS uptime: 12 days 17:41 hours

CPU:total 4 (initial active 0) 

Memory: 4k page, system-wide physical 3986M (105M free)
TotalPageFile size 16274M (AvailPageFile size 2M)
current process WorkingSet (physical memory assigned to process): 7M, peak: 7M
current process commit charge ("private bytes"): 3M, peak: 3M

vm_info: OpenJDK 64-Bit Server VM (11.0.10+9-LTS) for windows-amd64 JRE (11.0.10+9-LTS), built on Jan 12 2021 22:37:55 by "Administrator" with MS VC++ 15.9 (VS2017)

END.
